+++ getCiudadPais: text 'BOGOTA - COLOMBIA'
+++ pais 'COLOMBIA'
+++ ciudad 'BOGOTA'
+++ getCiudadPais: text 'BOGOTA - COLOMBIA'
+++ pais 'COLOMBIA'
+++ ciudad 'BOGOTA'
+++ getTipoProcedimiento : País: 'COLOMBIA'

+++ getDate text 'BOGOTA COLOMBIA 2-12-2024'
+++ getDate results: '2-12-2024'
+++ REMOLQUE : text : 'CH-CO-0300-24 // CR-CO-0302-24'
+++ CertificadoString: 'CR-CO-0302-24'
+++ Certificado: 'CRU-CO-0302-24'

+++ Vehiculo: 'REMOLQUE' : '{'marca': 'ROMARCO', 'anho': '2020', 'pais': 'COLOMBIA', 'placa': 'S47421', 'chasis': '||LOW', 'certificado': 'CRU-CO-0302-24', 'tipo': 'TRACTOCAMION'}'
+++ VEHICULO : text : 'CH-CO-0300-24 // CR-CO-0302-24'
+++ CertificadoString: 'CH-CO-0300-24'
+++ Certificado: 'CH-CO-0300-24'

+++ Vehiculo: 'VEHICULO' : '{'marca': 'KENWORTH', 'anho': '2020', 'pais': 'COLOMBIA', 'placa': 'GIM115', 'chasis': '3WKDD40X0LF726717', 'certificado': 'CH-CO-0300-24', 'tipo': 'TRACTOCAMION'}'

+++ MCI::getFechaNacimiento::text 'JAIRO RUANO'

+++ getDate text 'JAIRO RUANO'
SERVER: No existe fecha en texto 'JAIRO RUANO'
+++ MCI::getFechaNacimiento::fecha_nacimiento 'None'

+++ Conductor '{'pais': 'COLOMBIA', 'tipoDoc': 'CEDULA DE IDENTIDAD', 'documento': '1085907547', 'sexo': 'Hombre', 'fecha_nacimiento': None, 'nombre': 'JAIRO RUANO', 'licencia': '1085907547'}'

>>>>>> Datos sobre la carga <<<
+++ getCiudadPais: text 'BOGOTA - COLOMBIA'
+++ pais 'COLOMBIA'
+++ ciudad 'BOGOTA'
+++ getCiudadPais: text 'GUAYAQUIL - ECUADOR'
+++ pais 'ECUADOR'
+++ ciudad 'GUAYAQUIL'
+++ Tipo Carga Text: 'None'
+++ getCiudadPais: text 'TULCAN - ECUADOR'
+++ pais 'ECUADOR'
+++ ciudad 'TULCAN'
+++ AduanaDestino text: 'TULCAN - ECUADOR':: ciudad, pais:: 'TULCAN', 'ECUADOR'

+++ Unidades de Medida: '{'pesoNeto': '17500', 'pesoBruto': '19230', 'volumen': None, 'otraMedida': '0'}'
+++ getCiudadPais: text 'IPIALES - COLOMBIA'
+++ pais 'COLOMBIA'
+++ ciudad 'IPIALES'
+++ AduanaDestino text: 'IPIALES - COLOMBIA':: ciudad, pais:: 'IPIALES', 'COLOMBIA'

+++ Incoterm text: 'USD 11879.00FCA BOGOTA'
+++ getCiudadPais: text '  BOGOTA'
+++ pais 'None'
+++ ciudad ''
+++ Incoterm info: '{'incoterm': 'FCA', 'precio': '11879.00', 'moneda': 'USD', 'pais': 'COLOMBIA', 'ciudad': 'BOGOTA'}'

+++ Mercancia Info: '{'cartaporte': 'CO000220', 'descripcion': 'MATERIAL PARA LA CONSTRUCCION : KERAFLEX MAXI\nREMITE: MAPEI COLOMBIA S.A.S.\nDESTINO: KERAMIKOS S.A.\nINGRESAR A BODEGAS ADUANOR\nMRN: CEC202479600760\nSAE: 60277390404540', 'cantidad': '15', 'marcas': 'SIN MARCAS', 'embalaje': '152', 'pesoBruto': '19230.00', 'pesoNeto': '17500.00', 'otraMedida': None}'
+++ getTipoProcedimiento : País: 'COLOMBIA'
